<?xml version="1.0" encoding="UTF-8"?>
<testsuite name="mancala.domain.FooTest" tests="1" skipped="0" failures="0" errors="0" timestamp="2022-09-23T09:10:46" hostname="HP400PD" time="0.031">
  <properties/>
  <testcase name="theAnswerToLifeTheUniverseAndEverythingIs42()" classname="mancala.domain.FooTest" time="0.031"/>
  <system-out><![CDATA[]]></system-out>
  <system-err><![CDATA[]]></system-err>
</testsuite>
